[  0%] Built target geometry_msgs_generate_messages_py
[  0%] Built target geometry_msgs_generate_messages_nodejs
[  0%] Built target geometry_msgs_generate_messages_cpp
[  0%] Built target nav_msgs_generate_messages_nodejs
[  0%] Built target nav_msgs_generate_messages_py
[  0%] Built target nav_msgs_generate_messages_cpp
[  0%] Built target nav_msgs_generate_messages_eus
[  0%] Built target geometry_msgs_generate_messages_lisp
[  0%] Built target geometry_msgs_generate_messages_eus
[  0%] Built target nav_msgs_generate_messages_lisp
[  0%] Built target std_msgs_generate_messages_py
[  0%] Built target actionlib_generate_messages_nodejs
[  0%] Built target _water_generate_messages_check_deps_path
[  0%] Built target actionlib_msgs_generate_messages_cpp
[  0%] Built target std_msgs_generate_messages_cpp
[  0%] Built target tf2_msgs_generate_messages_cpp
[  0%] Built target rosgraph_msgs_generate_messages_nodejs
[  0%] Built target actionlib_msgs_generate_messages_py
[  0%] Built target actionlib_generate_messages_cpp
[  0%] Built target actionlib_generate_messages_lisp
[  0%] Built target roscpp_generate_messages_lisp
[  0%] Built target actionlib_msgs_generate_messages_eus
[  0%] Built target std_msgs_generate_messages_lisp
[  0%] Built target rosgraph_msgs_generate_messages_lisp
[  0%] Built target roscpp_generate_messages_py
[  0%] Built target rosgraph_msgs_generate_messages_py
[  0%] Built target roscpp_generate_messages_cpp
[  0%] Built target roscpp_generate_messages_eus
[  0%] Built target tf2_msgs_generate_messages_eus
[  0%] Built target std_msgs_generate_messages_nodejs
[  0%] Built target rosgraph_msgs_generate_messages_cpp
[  0%] Built target roscpp_generate_messages_nodejs
[  0%] Built target actionlib_generate_messages_py
[  0%] Built target actionlib_generate_messages_eus
[  0%] Built target actionlib_msgs_generate_messages_lisp
[  0%] Built target std_msgs_generate_messages_eus
[  0%] Built target actionlib_msgs_generate_messages_nodejs
[  0%] Built target tf2_msgs_generate_messages_lisp
[  0%] Built target rosgraph_msgs_generate_messages_eus
[  0%] Built target tf2_msgs_generate_messages_py
[ 11%] [34m[1mGenerating Python code from SRV water/path[0m
[ 11%] Built target tf2_msgs_generate_messages_nodejs
[ 22%] [34m[1mGenerating Javascript code from water/path.srv[0m
[ 33%] [34m[1mGenerating C++ code from water/path.srv[0m
[ 44%] [34m[1mGenerating EusLisp code from water/path.srv[0m
[ 55%] [34m[1mGenerating Lisp code from water/path.srv[0m
[35m[1mScanning dependencies of target autonav[0m
[ 66%] [32mBuilding CXX object CMakeFiles/autonav.dir/src/auto_nav.cpp.o[0m
[ 66%] Built target water_generate_messages_nodejs
[ 66%] Built target water_generate_messages_lisp
[ 88%] Built target water_generate_messages_eus
[ 88%] [34m[1mGenerating Python srv __init__.py for water[0m
[ 88%] Built target water_generate_messages_cpp
[ 88%] Built target water_generate_messages_py
[ 88%] Built target water_generate_messages
[100%] [32m[1mLinking CXX executable /home/straw/Documents/Spice/pink/devel/.private/water/lib/water/autonav[0m
[100%] Built target autonav
