[  0%] Built target geometry_msgs_generate_messages_py
[  0%] Built target nav_msgs_generate_messages_py
[  0%] Built target nav_msgs_generate_messages_nodejs
[  0%] Built target geometry_msgs_generate_messages_nodejs
[  0%] Built target nav_msgs_generate_messages_cpp
[  0%] Built target nav_msgs_generate_messages_eus
[  0%] Built target geometry_msgs_generate_messages_cpp
[  0%] Built target geometry_msgs_generate_messages_eus
[  0%] Built target nav_msgs_generate_messages_lisp
[  0%] Built target geometry_msgs_generate_messages_lisp
[  0%] Built target _water_generate_messages_check_deps_path
[  0%] Built target actionlib_generate_messages_nodejs
[  0%] Built target tf2_msgs_generate_messages_cpp
[  0%] Built target std_msgs_generate_messages_py
[  0%] Built target actionlib_msgs_generate_messages_cpp
[  0%] Built target std_msgs_generate_messages_cpp
[  0%] Built target rosgraph_msgs_generate_messages_nodejs
[  0%] Built target actionlib_generate_messages_cpp
[  0%] Built target actionlib_msgs_generate_messages_py
[  0%] Built target roscpp_generate_messages_lisp
[  0%] Built target actionlib_generate_messages_lisp
[  0%] Built target std_msgs_generate_messages_lisp
[  0%] Built target actionlib_msgs_generate_messages_eus
[  0%] Built target rosgraph_msgs_generate_messages_lisp
[  0%] Built target roscpp_generate_messages_py
[  0%] Built target roscpp_generate_messages_cpp
[  0%] Built target rosgraph_msgs_generate_messages_py
[  0%] Built target roscpp_generate_messages_eus
[  0%] Built target tf2_msgs_generate_messages_eus
[  0%] Built target roscpp_generate_messages_nodejs
[  0%] Built target actionlib_generate_messages_eus
[  0%] Built target std_msgs_generate_messages_nodejs
[  0%] Built target rosgraph_msgs_generate_messages_cpp
[  0%] Built target actionlib_generate_messages_py
[  0%] Built target actionlib_msgs_generate_messages_lisp
[  0%] Built target std_msgs_generate_messages_eus
[  0%] Built target rosgraph_msgs_generate_messages_eus
[  0%] Built target actionlib_msgs_generate_messages_nodejs
[  0%] Built target tf2_msgs_generate_messages_py
[  0%] Built target tf2_msgs_generate_messages_lisp
[  0%] Built target tf2_msgs_generate_messages_nodejs
[ 33%] Built target water_generate_messages_nodejs
[ 33%] Built target water_generate_messages_py
[ 44%] Built target water_generate_messages_cpp
[ 66%] Built target water_generate_messages_eus
[ 77%] Built target water_generate_messages_lisp
[ 88%] [32mBuilding CXX object CMakeFiles/autonav.dir/src/auto_nav.cpp.o[0m
[ 88%] Built target water_generate_messages
[01m[K/home/straw/Documents/Spice/pink/src/water/src/auto_nav.cpp:[m[K In constructor ‘[01m[Kstart::start(int, char**)[m[K’:
[01m[K/home/straw/Documents/Spice/pink/src/water/src/auto_nav.cpp:203:9:[m[K [01;31m[Kerror: [m[K‘[01m[Kclass start[m[K’ has no member named ‘[01m[Kcoordinates_pub[m[K’
  203 |   this->[01;31m[Kcoordinates_pub[m[K = node.advertise<geometry_msgs::Pose>("/bot_coordinates", 100, true);
      |         [01;31m[K^~~~~~~~~~~~~~~[m[K
make[2]: *** [CMakeFiles/autonav.dir/build.make:63: CMakeFiles/autonav.dir/src/auto_nav.cpp.o] Error 1
make[1]: *** [CMakeFiles/Makefile2:1673: CMakeFiles/autonav.dir/all] Error 2
make: *** [Makefile:141: all] Error 2
