[01m[K/home/straw/Documents/Spice/pink/src/water/src/auto_nav.cpp:117:2:[m[K [01;31m[Kerror: [m[Kexpected ‘[01m[K;[m[K’ after class definition
  117 | }
      |  [01;31m[K^[m[K
      |  [32m[K;[m[K
[01m[K/home/straw/Documents/Spice/pink/src/water/src/auto_nav.cpp:[m[K In member function ‘[01m[Knav_msgs::Path graph::astar_path(geometry_msgs::Pose, geometry_msgs::Pose)[m[K’:
[01m[K/home/straw/Documents/Spice/pink/src/water/src/auto_nav.cpp:61:2:[m[K [01;35m[Kwarning: [m[Kno return statement in function returning non-void [[01;35m[K-Wreturn-type[m[K]
   61 |  [01;35m[K}[m[K
      |  [01;35m[K^[m[K
[01m[K/home/straw/Documents/Spice/pink/src/water/src/auto_nav.cpp:[m[K In member function ‘[01m[Kstd::vector<long long int> graph::neighbours(long long int, int)[m[K’:
[01m[K/home/straw/Documents/Spice/pink/src/water/src/auto_nav.cpp:77:15:[m[K [01;31m[Kerror: [m[K‘[01m[Kclass graph[m[K’ has no member named ‘[01m[Kis_within_map[m[K’
   77 |     if (this->[01;31m[Kis_within_map[m[K(x, y)){
      |               [01;31m[K^~~~~~~~~~~~~[m[K
[01m[K/home/straw/Documents/Spice/pink/src/water/src/auto_nav.cpp:[m[K In member function ‘[01m[Kdouble graph::digna(int, int)[m[K’:
[01m[K/home/straw/Documents/Spice/pink/src/water/src/auto_nav.cpp:112:76:[m[K [01;31m[Kerror: [m[Kcall of overloaded ‘[01m[Kabs(nav_msgs::MapMetaData_<std::allocator<void> >::_width_type)[m[K’ is ambiguous
  112 |   int dx = abs(node1%(this->map.info.width) - node2%(this->map.info.height)[01;31m[K)[m[K;
      |                                                                            [01;31m[K^[m[K
In file included from [01m[K/usr/include/c++/9/cstdlib:75[m[K,
                 from [01m[K/usr/include/c++/9/ext/string_conversions.h:41[m[K,
                 from [01m[K/usr/include/c++/9/bits/basic_string.h:6496[m[K,
                 from [01m[K/usr/include/c++/9/string:55[m[K,
                 from [01m[K/usr/include/c++/9/bits/locale_classes.h:40[m[K,
                 from [01m[K/usr/include/c++/9/bits/ios_base.h:41[m[K,
                 from [01m[K/usr/include/c++/9/ios:42[m[K,
                 from [01m[K/usr/include/c++/9/ostream:38[m[K,
                 from [01m[K/usr/include/c++/9/iostream:39[m[K,
                 from [01m[K/home/straw/Documents/Spice/pink/src/water/src/auto_nav.cpp:1[m[K:
[01m[K/usr/include/stdlib.h:840:12:[m[K [01;36m[Knote: [m[Kcandidate: ‘[01m[Kint abs(int)[m[K’
  840 | extern int [01;36m[Kabs[m[K (int __x) __THROW __attribute__ ((__const__)) __wur;
      |            [01;36m[K^~~[m[K
In file included from [01m[K/usr/include/c++/9/cstdlib:77[m[K,
                 from [01m[K/usr/include/c++/9/ext/string_conversions.h:41[m[K,
                 from [01m[K/usr/include/c++/9/bits/basic_string.h:6496[m[K,
                 from [01m[K/usr/include/c++/9/string:55[m[K,
                 from [01m[K/usr/include/c++/9/bits/locale_classes.h:40[m[K,
                 from [01m[K/usr/include/c++/9/bits/ios_base.h:41[m[K,
                 from [01m[K/usr/include/c++/9/ios:42[m[K,
                 from [01m[K/usr/include/c++/9/ostream:38[m[K,
                 from [01m[K/usr/include/c++/9/iostream:39[m[K,
                 from [01m[K/home/straw/Documents/Spice/pink/src/water/src/auto_nav.cpp:1[m[K:
[01m[K/usr/include/c++/9/bits/std_abs.h:103:3:[m[K [01;36m[Knote: [m[Kcandidate: ‘[01m[Kconstexpr __float128 std::abs(__float128)[m[K’
  103 |   [01;36m[Kabs[m[K(__float128 __x)
      |   [01;36m[K^~~[m[K
[01m[K/usr/include/c++/9/bits/std_abs.h:85:3:[m[K [01;36m[Knote: [m[Kcandidate: ‘[01m[Kconstexpr __int128 std::abs(__int128)[m[K’
   85 |   [01;36m[Kabs[m[K(__GLIBCXX_TYPE_INT_N_0 __x) { return __x >= 0 ? __x : -__x; }
      |   [01;36m[K^~~[m[K
[01m[K/usr/include/c++/9/bits/std_abs.h:79:3:[m[K [01;36m[Knote: [m[Kcandidate: ‘[01m[Kconstexpr long double std::abs(long double)[m[K’
   79 |   [01;36m[Kabs[m[K(long double __x)
      |   [01;36m[K^~~[m[K
[01m[K/usr/include/c++/9/bits/std_abs.h:75:3:[m[K [01;36m[Knote: [m[Kcandidate: ‘[01m[Kconstexpr float std::abs(float)[m[K’
   75 |   [01;36m[Kabs[m[K(float __x)
      |   [01;36m[K^~~[m[K
[01m[K/usr/include/c++/9/bits/std_abs.h:71:3:[m[K [01;36m[Knote: [m[Kcandidate: ‘[01m[Kconstexpr double std::abs(double)[m[K’
   71 |   [01;36m[Kabs[m[K(double __x)
      |   [01;36m[K^~~[m[K
[01m[K/usr/include/c++/9/bits/std_abs.h:61:3:[m[K [01;36m[Knote: [m[Kcandidate: ‘[01m[Klong long int std::abs(long long int)[m[K’
   61 |   [01;36m[Kabs[m[K(long long __x) { return __builtin_llabs (__x); }
      |   [01;36m[K^~~[m[K
[01m[K/usr/include/c++/9/bits/std_abs.h:56:3:[m[K [01;36m[Knote: [m[Kcandidate: ‘[01m[Klong int std::abs(long int)[m[K’
   56 |   [01;36m[Kabs[m[K(long __i) { return __builtin_labs(__i); }
      |   [01;36m[K^~~[m[K
[01m[K/home/straw/Documents/Spice/pink/src/water/src/auto_nav.cpp:113:72:[m[K [01;31m[Kerror: [m[Kcall of overloaded ‘[01m[Kabs(nav_msgs::MapMetaData_<std::allocator<void> >::_width_type)[m[K’ is ambiguous
  113 |   int dy = abs(node1/this->map.info.width - node2/this->map.info.height[01;31m[K)[m[K;
      |                                                                        [01;31m[K^[m[K
In file included from [01m[K/usr/include/c++/9/cstdlib:75[m[K,
                 from [01m[K/usr/include/c++/9/ext/string_conversions.h:41[m[K,
                 from [01m[K/usr/include/c++/9/bits/basic_string.h:6496[m[K,
                 from [01m[K/usr/include/c++/9/string:55[m[K,
                 from [01m[K/usr/include/c++/9/bits/locale_classes.h:40[m[K,
                 from [01m[K/usr/include/c++/9/bits/ios_base.h:41[m[K,
                 from [01m[K/usr/include/c++/9/ios:42[m[K,
                 from [01m[K/usr/include/c++/9/ostream:38[m[K,
                 from [01m[K/usr/include/c++/9/iostream:39[m[K,
                 from [01m[K/home/straw/Documents/Spice/pink/src/water/src/auto_nav.cpp:1[m[K:
[01m[K/usr/include/stdlib.h:840:12:[m[K [01;36m[Knote: [m[Kcandidate: ‘[01m[Kint abs(int)[m[K’
  840 | extern int [01;36m[Kabs[m[K (int __x) __THROW __attribute__ ((__const__)) __wur;
      |            [01;36m[K^~~[m[K
In file included from [01m[K/usr/include/c++/9/cstdlib:77[m[K,
                 from [01m[K/usr/include/c++/9/ext/string_conversions.h:41[m[K,
                 from [01m[K/usr/include/c++/9/bits/basic_string.h:6496[m[K,
                 from [01m[K/usr/include/c++/9/string:55[m[K,
                 from [01m[K/usr/include/c++/9/bits/locale_classes.h:40[m[K,
                 from [01m[K/usr/include/c++/9/bits/ios_base.h:41[m[K,
                 from [01m[K/usr/include/c++/9/ios:42[m[K,
                 from [01m[K/usr/include/c++/9/ostream:38[m[K,
                 from [01m[K/usr/include/c++/9/iostream:39[m[K,
                 from [01m[K/home/straw/Documents/Spice/pink/src/water/src/auto_nav.cpp:1[m[K:
[01m[K/usr/include/c++/9/bits/std_abs.h:103:3:[m[K [01;36m[Knote: [m[Kcandidate: ‘[01m[Kconstexpr __float128 std::abs(__float128)[m[K’
  103 |   [01;36m[Kabs[m[K(__float128 __x)
      |   [01;36m[K^~~[m[K
[01m[K/usr/include/c++/9/bits/std_abs.h:85:3:[m[K [01;36m[Knote: [m[Kcandidate: ‘[01m[Kconstexpr __int128 std::abs(__int128)[m[K’
   85 |   [01;36m[Kabs[m[K(__GLIBCXX_TYPE_INT_N_0 __x) { return __x >= 0 ? __x : -__x; }
      |   [01;36m[K^~~[m[K
[01m[K/usr/include/c++/9/bits/std_abs.h:79:3:[m[K [01;36m[Knote: [m[Kcandidate: ‘[01m[Kconstexpr long double std::abs(long double)[m[K’
   79 |   [01;36m[Kabs[m[K(long double __x)
      |   [01;36m[K^~~[m[K
[01m[K/usr/include/c++/9/bits/std_abs.h:75:3:[m[K [01;36m[Knote: [m[Kcandidate: ‘[01m[Kconstexpr float std::abs(float)[m[K’
   75 |   [01;36m[Kabs[m[K(float __x)
      |   [01;36m[K^~~[m[K
[01m[K/usr/include/c++/9/bits/std_abs.h:71:3:[m[K [01;36m[Knote: [m[Kcandidate: ‘[01m[Kconstexpr double std::abs(double)[m[K’
   71 |   [01;36m[Kabs[m[K(double __x)
      |   [01;36m[K^~~[m[K
[01m[K/usr/include/c++/9/bits/std_abs.h:61:3:[m[K [01;36m[Knote: [m[Kcandidate: ‘[01m[Klong long int std::abs(long long int)[m[K’
   61 |   [01;36m[Kabs[m[K(long long __x) { return __builtin_llabs (__x); }
      |   [01;36m[K^~~[m[K
[01m[K/usr/include/c++/9/bits/std_abs.h:56:3:[m[K [01;36m[Knote: [m[Kcandidate: ‘[01m[Klong int std::abs(long int)[m[K’
   56 |   [01;36m[Kabs[m[K(long __i) { return __builtin_labs(__i); }
      |   [01;36m[K^~~[m[K
make[2]: *** [CMakeFiles/autonav.dir/build.make:63: CMakeFiles/autonav.dir/src/auto_nav.cpp.o] Error 1
make[1]: *** [CMakeFiles/Makefile2:439: CMakeFiles/autonav.dir/all] Error 2
make: *** [Makefile:141: all] Error 2
